[2022-04-06 14:04:21][197062] Processing: App\Listeners\NotificationPublishListener
[2022-04-06 14:04:23][197062] Processed:  App\Listeners\NotificationPublishListener
[2022-04-06 14:05:13][197063] Processing: App\Listeners\NotificationPublishListener
[2022-04-06 14:05:15][197063] Processed:  App\Listeners\NotificationPublishListener
[2022-04-06 14:19:22][197064] Processing: App\Notifications\PurchaseOrderPublish
[2022-04-06 14:19:23][197064] Processed:  App\Notifications\PurchaseOrderPublish
[2022-04-06 14:19:23][197065] Processing: App\Notifications\PurchaseOrderPublish
[2022-04-06 14:19:23][197065] Processed:  App\Notifications\PurchaseOrderPublish
[2022-04-06 14:19:23][197066] Processing: App\Notifications\PurchaseOrderPublish
[2022-04-06 14:19:24][197066] Processed:  App\Notifications\PurchaseOrderPublish
[2022-04-06 14:19:24][197067] Processing: App\Notifications\PurchaseOrderPublish
[2022-04-06 14:19:24][197067] Processed:  App\Notifications\PurchaseOrderPublish
[2022-04-06 14:19:24][197068] Processing: App\Notifications\PurchaseOrderPublish
[2022-04-06 14:19:26][197068] Processed:  App\Notifications\PurchaseOrderPublish
[2022-04-06 14:19:26][197069] Processing: App\Notifications\PurchaseOrderPublish
[2022-04-06 14:19:26][197069] Processed:  App\Notifications\PurchaseOrderPublish
[2022-04-06 14:19:26][197070] Processing: App\Notifications\PurchaseOrderPublish
[2022-04-06 14:19:27][197070] Processed:  App\Notifications\PurchaseOrderPublish
[2022-04-06 14:19:27][197071] Processing: App\Notifications\PurchaseOrderPublish
[2022-04-06 14:19:27][197071] Processed:  App\Notifications\PurchaseOrderPublish
[2022-04-06 14:19:27][197072] Processing: App\Notifications\PurchaseOrderPublish
[2022-04-06 14:19:28][197072] Processed:  App\Notifications\PurchaseOrderPublish
[2022-04-06 14:19:28][197073] Processing: App\Notifications\PurchaseOrderPublish
[2022-04-06 14:19:28][197073] Processed:  App\Notifications\PurchaseOrderPublish
[2022-04-06 14:19:28][197074] Processing: App\Notifications\PurchaseOrderPublish
[2022-04-06 14:19:29][197075] Processing: App\Notifications\PurchaseOrderPublish
[2022-04-06 14:19:29][197075] Processed:  App\Notifications\PurchaseOrderPublish
[2022-04-06 14:19:29][197076] Processing: App\Mail\ContactSupplier
[2022-04-06 14:19:31][197077] Processing: App\Notifications\PurchaseOrderPublish
[2022-04-06 14:19:32][197078] Processing: App\Mail\ContactSupplier
[2022-04-06 14:19:33][197078] Processed:  App\Mail\ContactSupplier
[2022-04-06 14:19:33][197079] Processing: App\Notifications\PurchaseOrderPublish
[2022-04-06 14:19:34][197079] Processed:  App\Notifications\PurchaseOrderPublish
[2022-04-06 14:21:31][197080] Processing: App\Notifications\PurchaseOrderPublish
[2022-04-06 14:21:33][197080] Processed:  App\Notifications\PurchaseOrderPublish
[2022-04-06 14:21:33][197081] Processing: App\Notifications\PurchaseOrderPublish
[2022-04-06 14:21:33][197081] Processed:  App\Notifications\PurchaseOrderPublish
[2022-04-06 14:21:33][197082] Processing: App\Notifications\PurchaseOrderPublish
[2022-04-06 14:21:34][197082] Processed:  App\Notifications\PurchaseOrderPublish
[2022-04-06 14:21:34][197083] Processing: App\Notifications\PurchaseOrderPublish
[2022-04-06 14:21:34][197083] Processed:  App\Notifications\PurchaseOrderPublish
[2022-04-06 14:21:34][197084] Processing: App\Notifications\PurchaseOrderPublish
[2022-04-06 14:21:35][197084] Processed:  App\Notifications\PurchaseOrderPublish
[2022-04-06 14:21:35][197085] Processing: App\Notifications\PurchaseOrderPublish
[2022-04-06 14:21:35][197085] Processed:  App\Notifications\PurchaseOrderPublish
[2022-04-06 14:21:35][197086] Processing: App\Notifications\PurchaseOrderPublish
[2022-04-06 14:21:36][197086] Processed:  App\Notifications\PurchaseOrderPublish
[2022-04-06 14:21:36][197087] Processing: App\Notifications\PurchaseOrderPublish
[2022-04-06 14:21:36][197087] Processed:  App\Notifications\PurchaseOrderPublish
[2022-04-06 14:21:36][197088] Processing: App\Notifications\PurchaseOrderPublish
[2022-04-06 14:21:38][197088] Processed:  App\Notifications\PurchaseOrderPublish
[2022-04-06 14:21:38][197089] Processing: App\Notifications\PurchaseOrderPublish
[2022-04-06 14:21:38][197089] Processed:  App\Notifications\PurchaseOrderPublish
[2022-04-06 14:21:38][197090] Processing: App\Notifications\PurchaseOrderPublish
[2022-04-06 14:21:39][197091] Processing: App\Notifications\PurchaseOrderPublish
[2022-04-06 14:21:39][197091] Processed:  App\Notifications\PurchaseOrderPublish
[2022-04-06 14:21:39][197092] Processing: App\Mail\ContactSupplier
[2022-04-06 14:21:40][197093] Processing: App\Notifications\PurchaseOrderPublish
[2022-04-06 14:21:41][197094] Processing: App\Mail\ContactSupplier
[2022-04-06 14:21:42][197095] Processing: App\Notifications\PurchaseOrderPublish
[2022-04-06 14:21:44][197095] Processed:  App\Notifications\PurchaseOrderPublish
[2022-04-06 14:21:44][197096] Processing: App\Mail\ContactSupplier
[2022-04-06 14:21:45][197096] Processed:  App\Mail\ContactSupplier
[2022-04-06 14:39:25][197097] Processing: App\Notifications\PurchaseOrderPublish
[2022-04-06 14:39:26][197097] Processed:  App\Notifications\PurchaseOrderPublish
[2022-04-06 14:39:26][197098] Processing: App\Notifications\PurchaseOrderPublish
[2022-04-06 14:39:26][197098] Processed:  App\Notifications\PurchaseOrderPublish
[2022-04-06 14:39:26][197099] Processing: App\Notifications\PurchaseOrderPublish
[2022-04-06 14:39:27][197099] Processed:  App\Notifications\PurchaseOrderPublish
[2022-04-06 14:39:27][197100] Processing: App\Notifications\PurchaseOrderPublish
[2022-04-06 14:39:27][197100] Processed:  App\Notifications\PurchaseOrderPublish
[2022-04-06 14:39:27][197101] Processing: App\Notifications\PurchaseOrderPublish
[2022-04-06 14:39:29][197101] Processed:  App\Notifications\PurchaseOrderPublish
[2022-04-06 14:39:29][197102] Processing: App\Notifications\PurchaseOrderPublish
[2022-04-06 14:39:29][197102] Processed:  App\Notifications\PurchaseOrderPublish
[2022-04-06 14:39:29][197103] Processing: App\Notifications\PurchaseOrderPublish
[2022-04-06 14:39:30][197103] Processed:  App\Notifications\PurchaseOrderPublish
[2022-04-06 14:39:30][197104] Processing: App\Notifications\PurchaseOrderPublish
[2022-04-06 14:39:30][197104] Processed:  App\Notifications\PurchaseOrderPublish
[2022-04-06 14:39:30][197105] Processing: App\Notifications\PurchaseOrderPublish
[2022-04-06 14:39:32][197105] Processed:  App\Notifications\PurchaseOrderPublish
[2022-04-06 14:39:32][197106] Processing: App\Notifications\PurchaseOrderPublish
[2022-04-06 14:39:32][197106] Processed:  App\Notifications\PurchaseOrderPublish
[2022-04-06 14:39:32][197107] Processing: App\Notifications\PurchaseOrderPublish
[2022-04-06 14:39:33][197108] Processing: App\Notifications\PurchaseOrderPublish
[2022-04-06 14:39:33][197108] Processed:  App\Notifications\PurchaseOrderPublish
[2022-04-06 14:39:33][197109] Processing: App\Mail\ContactSupplier
[2022-04-06 14:39:34][197110] Processing: App\Notifications\PurchaseOrderPublish
[2022-04-06 14:39:35][197111] Processing: App\Mail\ContactSupplier
[2022-04-06 14:40:06][197112] Processing: App\Notifications\PurchaseOrderPublish
[2022-04-06 14:40:37][197113] Processing: App\Mail\ContactSupplier
[2022-04-06 14:41:07][197114] Processing: App\Notifications\PurchaseOrderPublish
[2022-04-06 14:41:37][197115] Processing: App\Mail\ContactSupplier
[2022-04-06 14:42:07][197116] Processing: App\Notifications\PurchaseOrderPublish
[2022-04-06 14:42:37][197117] Processing: App\Mail\ContactSupplier
[2022-04-06 14:43:08][197118] Processing: App\Notifications\PurchaseOrderPublish
[2022-04-06 14:43:38][197119] Processing: App\Notifications\PurchaseOrderPublish
[2022-04-06 14:43:38][197119] Processed:  App\Notifications\PurchaseOrderPublish
[2022-04-06 14:43:38][197120] Processing: App\Notifications\PurchaseOrderPublish
[2022-04-06 14:44:08][197121] Processing: App\Notifications\PurchaseOrderPublish
[2022-04-06 14:44:08][197121] Processed:  App\Notifications\PurchaseOrderPublish
[2022-04-06 14:44:08][197122] Processing: App\Notifications\PurchaseOrderPublish
[2022-04-06 14:44:38][197123] Processing: App\Notifications\PurchaseOrderPublish
[2022-04-06 14:44:38][197123] Processed:  App\Notifications\PurchaseOrderPublish
[2022-04-06 14:44:39][197124] Processing: App\Notifications\PurchaseOrderPublish
[2022-04-06 14:45:09][197125] Processing: App\Notifications\PurchaseOrderPublish
[2022-04-06 14:45:09][197125] Processed:  App\Notifications\PurchaseOrderPublish
[2022-04-06 14:45:09][197126] Processing: App\Notifications\PurchaseOrderPublish
[2022-04-06 14:45:39][197133] Processing: App\Notifications\PurchaseOrderPublish
[2022-04-06 14:46:09][197134] Processing: App\Notifications\PurchaseOrderPublish
[2022-04-06 14:46:39][197138] Processing: App\Notifications\PurchaseOrderPublish
[2022-04-06 14:47:10][197139] Processing: App\Notifications\PurchaseOrderPublish
[2022-04-06 14:47:40][197140] Processing: App\Notifications\PurchaseOrderPublish
[2022-04-06 14:48:10][197141] Processing: App\Notifications\PurchaseOrderPublish
[2022-04-06 14:48:40][197142] Processing: App\Notifications\PurchaseOrderPublish
[2022-04-06 14:48:40][197142] Processed:  App\Notifications\PurchaseOrderPublish
[2022-04-06 14:48:41][197143] Processing: App\Notifications\PurchaseOrderPublish
[2022-04-06 14:49:11][197144] Processing: App\Notifications\PurchaseOrderPublish
[2022-04-06 14:49:11][197144] Processed:  App\Notifications\PurchaseOrderPublish
[2022-04-06 14:49:11][197145] Processing: App\Notifications\PurchaseOrderPublish
[2022-04-06 14:49:41][197146] Processing: App\Notifications\PurchaseOrderPublish
[2022-04-06 14:49:41][197146] Processed:  App\Notifications\PurchaseOrderPublish
[2022-04-06 14:49:41][197147] Processing: App\Notifications\PurchaseOrderPublish
[2022-04-06 14:50:11][197148] Processing: App\Notifications\PurchaseOrderPublish
[2022-04-06 14:50:11][197148] Processed:  App\Notifications\PurchaseOrderPublish
[2022-04-06 14:50:11][197149] Processing: App\Notifications\PurchaseOrderPublish
[2022-04-06 14:50:42][197150] Processing: App\Notifications\PurchaseOrderPublish
[2022-04-06 14:50:42][197150] Processed:  App\Notifications\PurchaseOrderPublish
[2022-04-06 14:50:42][197151] Processing: App\Notifications\PurchaseOrderPublish
[2022-04-06 14:51:12][197152] Processing: App\Notifications\PurchaseOrderPublish
[2022-04-06 14:51:12][197152] Processed:  App\Notifications\PurchaseOrderPublish
[2022-04-06 14:51:12][197153] Processing: App\Notifications\PurchaseOrderPublish
[2022-04-06 14:51:42][197154] Processing: App\Notifications\PurchaseOrderPublish
[2022-04-06 14:52:12][197155] Processing: App\Notifications\PurchaseOrderPublish
[2022-04-06 14:52:42][197156] Processing: App\Notifications\PurchaseOrderPublish
[2022-04-06 14:53:13][197157] Processing: App\Notifications\PurchaseOrderPublish
[2022-04-06 14:53:44][197158] Processing: App\Notifications\PurchaseOrderPublish
[2022-04-06 14:54:14][197165] Processing: App\Notifications\PurchaseOrderPublish
[2022-04-06 14:54:44][197166] Processing: App\Notifications\PurchaseOrderPublish
[2022-04-06 14:55:15][197167] Processing: App\Notifications\PurchaseOrderPublish
[2022-04-06 14:55:45][197168] Processing: App\Notifications\PurchaseOrderPublish
[2022-04-06 14:56:15][197169] Processing: App\Notifications\PurchaseOrderPublish
[2022-04-06 14:56:15][197169] Processed:  App\Notifications\PurchaseOrderPublish
[2022-04-06 14:56:15][197170] Processing: App\Notifications\PurchaseOrderPublish
[2022-04-06 14:56:45][197171] Processing: App\Notifications\PurchaseOrderPublish
[2022-04-06 14:56:45][197171] Processed:  App\Notifications\PurchaseOrderPublish
[2022-04-06 14:56:45][197172] Processing: App\Notifications\PurchaseOrderPublish
[2022-04-06 14:57:16][197173] Processing: App\Notifications\PurchaseOrderPublish
[2022-04-06 14:57:16][197173] Processed:  App\Notifications\PurchaseOrderPublish
[2022-04-06 14:57:16][197174] Processing: App\Notifications\PurchaseOrderPublish
[2022-04-06 14:57:46][197175] Processing: App\Notifications\PurchaseOrderPublish
[2022-04-06 14:57:46][197175] Processed:  App\Notifications\PurchaseOrderPublish
[2022-04-06 14:57:46][197176] Processing: App\Notifications\PurchaseOrderPublish
[2022-04-06 14:58:17][197177] Processing: App\Notifications\PurchaseOrderPublish
[2022-04-06 14:58:17][197177] Processed:  App\Notifications\PurchaseOrderPublish
[2022-04-06 14:58:17][197178] Processing: App\Notifications\PurchaseOrderPublish
[2022-04-06 14:58:48][197179] Processing: App\Notifications\PurchaseOrderPublish
[2022-04-06 14:58:48][197179] Processed:  App\Notifications\PurchaseOrderPublish
[2022-04-06 14:58:48][197180] Processing: App\Notifications\PurchaseOrderPublish
[2022-04-06 14:59:18][197181] Processing: App\Notifications\PurchaseOrderPublish
[2022-04-06 14:59:48][197182] Processing: App\Notifications\PurchaseOrderPublish
[2022-04-06 15:00:18][197183] Processing: App\Notifications\PurchaseOrderPublish
[2022-04-06 15:00:49][197184] Processing: App\Notifications\PurchaseOrderPublish
[2022-04-06 15:01:19][197185] Processing: App\Notifications\PurchaseOrderPublish
[2022-04-06 15:01:49][197186] Processing: App\Notifications\PurchaseOrderPublish
[2022-04-06 15:02:19][197187] Processing: App\Notifications\PurchaseOrderPublish
[2022-04-06 15:02:49][197197] Processing: App\Notifications\PurchaseOrderPublish
[2022-04-06 15:03:20][197198] Processing: App\Notifications\PurchaseOrderPublish
[2022-04-06 15:03:50][197199] Processing: App\Notifications\PurchaseOrderPublish
[2022-04-06 15:04:20][197200] Processing: App\Notifications\PurchaseOrderPublish
[2022-04-06 15:04:50][197201] Processing: App\Notifications\PurchaseOrderPublish
[2022-04-06 15:05:20][197202] Processing: App\Notifications\PurchaseOrderPublish
[2022-04-06 15:05:51][197203] Processing: App\Notifications\PurchaseOrderPublish
[2022-04-06 15:06:21][197204] Processing: App\Notifications\PurchaseOrderPublish
[2022-04-06 15:06:51][197205] Processing: App\Notifications\PurchaseOrderPublish
[2022-04-06 15:06:51][197205] Processed:  App\Notifications\PurchaseOrderPublish
[2022-04-06 15:06:51][197206] Processing: App\Notifications\PurchaseOrderPublish
[2022-04-06 15:07:21][197207] Processing: App\Notifications\PurchaseOrderPublish
[2022-04-06 15:07:21][197207] Processed:  App\Notifications\PurchaseOrderPublish
[2022-04-06 15:07:21][197208] Processing: App\Notifications\PurchaseOrderPublish
[2022-04-06 15:07:52][197209] Processing: App\Notifications\PurchaseOrderPublish
[2022-04-06 15:07:52][197209] Processed:  App\Notifications\PurchaseOrderPublish
[2022-04-06 15:07:52][197210] Processing: App\Notifications\PurchaseOrderPublish
[2022-04-06 15:08:22][197211] Processing: App\Notifications\PurchaseOrderPublish
[2022-04-06 15:08:22][197211] Processed:  App\Notifications\PurchaseOrderPublish
[2022-04-06 15:08:22][197212] Processing: App\Notifications\PurchaseOrderPublish
[2022-04-06 15:08:52][197213] Processing: App\Notifications\PurchaseOrderPublish
[2022-04-06 15:08:52][197213] Processed:  App\Notifications\PurchaseOrderPublish
[2022-04-06 15:08:52][197214] Processing: App\Notifications\PurchaseOrderPublish
[2022-04-06 15:09:23][197215] Processing: App\Notifications\PurchaseOrderPublish
[2022-04-06 15:09:23][197215] Processed:  App\Notifications\PurchaseOrderPublish
[2022-04-06 15:09:23][197216] Processing: App\Notifications\PurchaseOrderPublish
[2022-04-06 15:09:53][197217] Processing: App\Notifications\PurchaseOrderPublish
[2022-04-06 15:10:23][197230] Processing: App\Notifications\PurchaseOrderPublish
[2022-04-06 15:10:23][197230] Processed:  App\Notifications\PurchaseOrderPublish
[2022-04-06 15:10:23][197231] Processing: App\Notifications\PurchaseOrderPublish
[2022-04-06 15:10:53][197245] Processing: App\Notifications\PurchaseOrderPublish
[2022-04-06 15:11:24][197246] Processing: App\Notifications\PurchaseOrderPublish
[2022-04-06 15:11:54][197247] Processing: App\Notifications\PurchaseOrderPublish
[2022-04-06 15:12:24][197248] Processing: App\Notifications\PurchaseOrderPublish
[2022-04-06 15:12:54][197249] Processing: App\Notifications\PurchaseOrderPublish
[2022-04-06 15:13:24][197250] Processing: App\Notifications\PurchaseOrderPublish
[2022-04-06 15:13:55][197251] Processing: App\Notifications\PurchaseOrderPublish
[2022-04-06 15:14:25][197252] Processing: App\Notifications\PurchaseOrderPublish
[2022-04-06 15:14:55][197253] Processing: App\Notifications\PurchaseOrderPublish
[2022-04-06 15:15:25][197254] Processing: App\Notifications\PurchaseOrderPublish
[2022-04-06 15:15:56][197255] Processing: App\Notifications\PurchaseOrderPublish
[2022-04-06 15:16:26][197256] Processing: App\Notifications\PurchaseOrderPublish
[2022-04-06 15:16:56][197257] Processing: App\Notifications\PurchaseOrderPublish
[2022-04-06 15:17:26][197258] Processing: App\Notifications\PurchaseOrderPublish
[2022-04-06 15:17:57][197259] Processing: App\Notifications\PurchaseOrderPublish
[2022-04-06 15:18:27][197260] Processing: App\Notifications\PurchaseOrderPublish
[2022-04-06 15:18:57][197261] Processing: App\Notifications\PurchaseOrderPublish
[2022-04-06 15:19:27][197262] Processing: App\Notifications\PurchaseOrderPublish
[2022-04-06 15:19:57][197263] Processing: App\Notifications\PurchaseOrderPublish
[2022-04-06 15:19:57][197263] Processed:  App\Notifications\PurchaseOrderPublish
[2022-04-06 15:19:57][197264] Processing: App\Notifications\PurchaseOrderPublish
[2022-04-06 15:20:28][197265] Processing: App\Notifications\PurchaseOrderPublish
[2022-04-06 15:20:28][197265] Processed:  App\Notifications\PurchaseOrderPublish
[2022-04-06 15:20:28][197266] Processing: App\Notifications\PurchaseOrderPublish
[2022-04-06 15:20:58][197267] Processing: App\Notifications\PurchaseOrderPublish
[2022-04-06 15:20:58][197267] Processed:  App\Notifications\PurchaseOrderPublish
[2022-04-06 15:20:58][197268] Processing: App\Notifications\PurchaseOrderPublish
[2022-04-06 15:21:28][197269] Processing: App\Notifications\PurchaseOrderPublish
[2022-04-06 15:21:28][197269] Processed:  App\Notifications\PurchaseOrderPublish
[2022-04-06 15:21:28][197270] Processing: App\Notifications\PurchaseOrderPublish
[2022-04-06 15:21:59][197271] Processing: App\Notifications\PurchaseOrderPublish
[2022-04-06 15:21:59][197271] Processed:  App\Notifications\PurchaseOrderPublish
[2022-04-06 15:21:59][197272] Processing: App\Notifications\PurchaseOrderPublish
[2022-04-06 15:22:29][197273] Processing: App\Notifications\PurchaseOrderPublish
[2022-04-06 15:22:29][197273] Processed:  App\Notifications\PurchaseOrderPublish
[2022-04-06 15:22:29][197274] Processing: App\Notifications\PurchaseOrderPublish
[2022-04-06 15:22:59][197275] Processing: App\Notifications\PurchaseOrderPublish
[2022-04-06 15:23:29][197276] Processing: App\Notifications\PurchaseOrderPublish
[2022-04-06 15:24:00][197277] Processing: App\Notifications\PurchaseOrderPublish
[2022-04-06 15:24:30][197278] Processing: App\Notifications\PurchaseOrderPublish
[2022-04-06 15:25:00][197279] Processing: App\Notifications\PurchaseOrderPublish
[2022-04-06 15:25:30][197280] Processing: App\Notifications\PurchaseOrderPublish
[2022-04-06 15:26:01][197281] Processing: App\Notifications\PurchaseOrderPublish
[2022-04-06 15:26:35][197282] Processing: App\Notifications\PurchaseOrderPublish
[2022-04-06 15:27:05][197283] Processing: App\Notifications\PurchaseOrderPublish
[2022-04-06 15:27:35][197284] Processing: App\Notifications\PurchaseOrderPublish
[2022-04-06 15:28:05][197285] Processing: App\Notifications\PurchaseOrderPublish
[2022-04-06 15:28:35][197286] Processing: App\Notifications\PurchaseOrderPublish
[2022-04-06 15:29:06][197287] Processing: App\Notifications\PurchaseOrderPublish
[2022-04-06 15:29:36][197288] Processing: App\Notifications\PurchaseOrderPublish
[2022-04-06 15:30:06][197289] Processing: App\Notifications\PurchaseOrderPublish
[2022-04-06 15:30:36][197290] Processing: App\Notifications\PurchaseOrderPublish
[2022-04-06 15:31:07][197291] Processing: App\Notifications\PurchaseOrderPublish
[2022-04-06 15:31:37][197292] Processing: App\Notifications\PurchaseOrderPublish
[2022-04-06 15:32:07][197293] Processing: App\Notifications\PurchaseOrderPublish
[2022-04-06 15:32:37][197294] Processing: App\Notifications\PurchaseOrderPublish
[2022-04-06 15:33:07][197295] Processing: App\Notifications\PurchaseOrderPublish
[2022-04-06 15:33:38][197296] Processing: App\Notifications\PurchaseOrderPublish
[2022-04-06 15:34:08][197297] Processing: App\Notifications\PurchaseOrderPublish
[2022-04-06 15:34:38][197298] Processing: App\Notifications\PurchaseOrderPublish
[2022-04-06 15:35:08][197299] Processing: App\Notifications\PurchaseOrderPublish
[2022-04-06 15:35:39][197300] Processing: App\Notifications\PurchaseOrderPublish
[2022-04-06 15:36:09][197301] Processing: App\Notifications\PurchaseOrderPublish
[2022-04-06 15:36:39][197302] Processing: App\Notifications\PurchaseOrderPublish
[2022-04-06 15:37:09][197303] Processing: App\Notifications\PurchaseOrderPublish
[2022-04-06 15:37:40][197304] Processing: App\Notifications\PurchaseOrderPublish
[2022-04-06 15:38:10][197305] Processing: App\Notifications\PurchaseOrderPublish
[2022-04-06 15:38:40][197306] Processing: App\Notifications\PurchaseOrderPublish
[2022-04-06 15:39:10][197307] Processing: App\Notifications\PurchaseOrderPublish
[2022-04-06 15:39:40][197308] Processing: App\Notifications\PurchaseOrderPublish
[2022-04-06 15:40:11][197309] Processing: App\Notifications\PurchaseOrderPublish
[2022-04-06 15:40:41][197310] Processing: App\Notifications\PurchaseOrderPublish
[2022-04-06 15:41:11][197311] Processing: App\Notifications\PurchaseOrderPublish
[2022-04-06 15:41:41][197312] Processing: App\Notifications\PurchaseOrderPublish
[2022-04-06 15:42:12][197313] Processing: App\Notifications\PurchaseOrderPublish
[2022-04-06 15:42:42][197314] Processing: App\Notifications\PurchaseOrderPublish
[2022-04-06 15:43:12][197315] Processing: App\Notifications\PurchaseOrderPublish
[2022-04-06 15:43:42][197316] Processing: App\Notifications\PurchaseOrderPublish
[2022-04-06 15:44:13][197317] Processing: App\Notifications\PurchaseOrderPublish
[2022-04-06 15:44:43][197318] Processing: App\Notifications\PurchaseOrderPublish
[2022-04-06 15:45:13][197319] Processing: App\Notifications\PurchaseOrderPublish
[2022-04-06 15:45:43][197320] Processing: App\Notifications\PurchaseOrderPublish
[2022-04-06 15:46:13][197321] Processing: App\Notifications\PurchaseOrderPublish
[2022-04-06 15:46:44][197322] Processing: App\Notifications\PurchaseOrderPublish
[2022-04-06 15:47:14][197323] Processing: App\Notifications\PurchaseOrderPublish
[2022-04-06 15:47:44][197324] Processing: App\Notifications\PurchaseOrderPublish
[2022-04-06 15:48:14][197325] Processing: App\Notifications\PurchaseOrderPublish
[2022-04-06 15:48:45][197326] Processing: App\Notifications\PurchaseOrderPublish
[2022-04-06 15:49:15][197327] Processing: App\Notifications\PurchaseOrderPublish
[2022-04-06 15:49:45][197328] Processing: App\Notifications\PurchaseOrderPublish
[2022-04-06 15:50:15][197329] Processing: App\Notifications\PurchaseOrderPublish
[2022-04-06 15:50:45][197330] Processing: App\Notifications\PurchaseOrderPublish
[2022-04-06 15:51:16][197331] Processing: App\Notifications\PurchaseOrderPublish
[2022-04-06 15:51:46][197332] Processing: App\Notifications\PurchaseOrderPublish
[2022-04-06 15:52:16][197333] Processing: App\Notifications\PurchaseOrderPublish
[2022-04-06 15:52:46][197334] Processing: App\Notifications\PurchaseOrderPublish
[2022-04-06 15:53:17][197335] Processing: App\Notifications\PurchaseOrderPublish
[2022-04-06 15:53:47][197336] Processing: App\Notifications\PurchaseOrderPublish
[2022-04-06 15:54:17][197337] Processing: App\Notifications\PurchaseOrderPublish
[2022-04-06 15:54:47][197338] Processing: App\Notifications\PurchaseOrderPublish
[2022-04-06 15:55:18][197339] Processing: App\Notifications\PurchaseOrderPublish
[2022-04-06 15:55:48][197340] Processing: App\Notifications\PurchaseOrderPublish
[2022-04-06 15:56:18][197341] Processing: App\Notifications\PurchaseOrderPublish
[2022-04-06 15:56:48][197342] Processing: App\Notifications\PurchaseOrderPublish
[2022-04-06 15:57:19][197343] Processing: App\Notifications\PurchaseOrderPublish
[2022-04-06 15:57:49][197344] Processing: App\Notifications\PurchaseOrderPublish
[2022-04-06 15:58:19][197345] Processing: App\Notifications\PurchaseOrderPublish
[2022-04-06 15:58:49][197346] Processing: App\Notifications\PurchaseOrderPublish
[2022-04-06 15:59:20][197347] Processing: App\Notifications\PurchaseOrderPublish
[2022-04-06 15:59:50][197348] Processing: App\Notifications\PurchaseOrderPublish
[2022-04-06 16:00:20][197349] Processing: App\Notifications\PurchaseOrderPublish
[2022-04-06 16:00:50][197350] Processing: App\Notifications\PurchaseOrderPublish
[2022-04-06 16:01:21][197351] Processing: App\Notifications\PurchaseOrderPublish
[2022-04-06 16:01:51][197352] Processing: App\Notifications\PurchaseOrderPublish
[2022-04-06 16:02:21][197353] Processing: App\Notifications\PurchaseOrderPublish
[2022-04-06 16:02:51][197354] Processing: App\Notifications\PurchaseOrderPublish
[2022-04-06 16:03:22][197355] Processing: App\Notifications\PurchaseOrderPublish
[2022-04-06 16:03:52][197356] Processing: App\Notifications\PurchaseOrderPublish
[2022-04-06 16:04:22][197357] Processing: App\Notifications\PurchaseOrderPublish
[2022-04-06 16:04:52][197358] Processing: App\Notifications\PurchaseOrderPublish
[2022-04-06 16:05:23][197359] Processing: App\Notifications\PurchaseOrderPublish
[2022-04-06 16:05:53][197360] Processing: App\Notifications\PurchaseOrderPublish
[2022-04-06 16:06:23][197361] Processing: App\Notifications\PurchaseOrderPublish
[2022-04-06 16:06:53][197362] Processing: App\Notifications\PurchaseOrderPublish
[2022-04-06 16:07:24][197363] Processing: App\Notifications\PurchaseOrderPublish
[2022-04-06 16:07:54][197364] Processing: App\Notifications\PurchaseOrderPublish
[2022-04-06 16:08:24][197365] Processing: App\Notifications\PurchaseOrderPublish
[2022-04-06 16:08:54][197366] Processing: App\Notifications\PurchaseOrderPublish
[2022-04-06 16:09:24][197367] Processing: App\Notifications\PurchaseOrderPublish
[2022-04-06 16:09:55][197368] Processing: App\Notifications\PurchaseOrderPublish
[2022-04-06 16:10:25][197369] Processing: App\Notifications\PurchaseOrderPublish
[2022-04-06 16:10:55][197370] Processing: App\Notifications\PurchaseOrderPublish
[2022-04-06 16:11:25][197371] Processing: App\Notifications\PurchaseOrderPublish
[2022-04-06 16:11:56][197372] Processing: App\Notifications\PurchaseOrderPublish
[2022-04-06 16:12:26][197373] Processing: App\Notifications\PurchaseOrderPublish
[2022-04-06 16:12:56][197374] Processing: App\Notifications\PurchaseOrderPublish
[2022-04-06 16:13:26][197375] Processing: App\Notifications\PurchaseOrderPublish
[2022-04-06 16:13:56][197376] Processing: App\Notifications\PurchaseOrderPublish
[2022-04-06 16:14:27][197377] Processing: App\Notifications\PurchaseOrderPublish
[2022-04-06 16:14:57][197378] Processing: App\Notifications\PurchaseOrderPublish
[2022-04-06 16:15:27][197379] Processing: App\Notifications\PurchaseOrderPublish
[2022-04-06 16:15:57][197380] Processing: App\Notifications\PurchaseOrderPublish
[2022-04-06 16:16:28][197381] Processing: App\Notifications\PurchaseOrderPublish
[2022-04-06 16:16:58][197382] Processing: App\Notifications\PurchaseOrderPublish
[2022-04-06 16:17:28][197383] Processing: App\Notifications\PurchaseOrderPublish
[2022-04-06 16:17:58][197388] Processing: App\Notifications\PurchaseOrderPublish
[2022-04-06 16:18:28][197398] Processing: App\Notifications\PurchaseOrderPublish
[2022-04-06 16:18:59][197399] Processing: App\Notifications\PurchaseOrderPublish
[2022-04-06 16:22:26][197401] Processing: App\Notifications\PurchaseOrderPublish
[2022-04-06 16:22:56][197418] Processing: App\Notifications\PurchaseOrderPublish
[2022-04-06 16:23:26][197419] Processing: App\Notifications\PurchaseOrderPublish
[2022-04-06 16:23:57][197420] Processing: App\Notifications\PurchaseOrderPublish
[2022-04-06 16:24:27][197421] Processing: App\Notifications\PurchaseOrderPublish
[2022-04-06 16:24:57][197422] Processing: App\Notifications\PurchaseOrderPublish
